0 info it worked if it ends with ok
1 verbose cli [ 'node', '/usr/local/bin/npm', 'install', 'ocLazyLoad' ]
2 info using npm@1.4.28
3 info using node@v0.10.33
4 warn package.json angular-es6-sample@0.1.0 No README data
5 verbose readDependencies using package.json deps
6 verbose cache add [ 'ocLazyLoad', null ]
7 verbose cache add name=undefined spec="ocLazyLoad" args=["ocLazyLoad",null]
8 verbose parsed url { protocol: null,
8 verbose parsed url   slashes: null,
8 verbose parsed url   auth: null,
8 verbose parsed url   host: null,
8 verbose parsed url   port: null,
8 verbose parsed url   hostname: null,
8 verbose parsed url   hash: null,
8 verbose parsed url   search: null,
8 verbose parsed url   query: null,
8 verbose parsed url   pathname: 'ocLazyLoad',
8 verbose parsed url   path: 'ocLazyLoad',
8 verbose parsed url   href: 'ocLazyLoad' }
9 silly lockFile e582f3fe-ocLazyLoad ocLazyLoad
10 verbose lock ocLazyLoad /Volumes/HDD/davidgreiner/.npm/e582f3fe-ocLazyLoad.lock
11 silly lockFile e582f3fe-ocLazyLoad ocLazyLoad
12 silly lockFile e582f3fe-ocLazyLoad ocLazyLoad
13 verbose addNamed [ 'ocLazyLoad', '' ]
14 verbose addNamed [ null, '*' ]
15 silly lockFile 8f27af1f-ocLazyLoad ocLazyLoad@
16 verbose lock ocLazyLoad@ /Volumes/HDD/davidgreiner/.npm/8f27af1f-ocLazyLoad.lock
17 silly addNameRange { name: 'ocLazyLoad', range: '*', hasData: false }
18 verbose request where is /ocLazyLoad
19 verbose request registry https://registry.npmjs.org/
20 verbose request id c73fa8b57566ef9a
21 verbose url raw /ocLazyLoad
22 verbose url resolving [ 'https://registry.npmjs.org/', './ocLazyLoad' ]
23 verbose url resolved https://registry.npmjs.org/ocLazyLoad
24 verbose request where is https://registry.npmjs.org/ocLazyLoad
25 info trying registry request attempt 1 at 23:25:12
26 http GET https://registry.npmjs.org/ocLazyLoad
27 http 404 https://registry.npmjs.org/ocLazyLoad
28 silly registry.get cb [ 404,
28 silly registry.get   { 'content-type': 'application/json',
28 silly registry.get     'cache-control': 'max-age=0',
28 silly registry.get     'content-length': '2',
28 silly registry.get     'accept-ranges': 'bytes',
28 silly registry.get     date: 'Wed, 25 Nov 2015 04:25:14 GMT',
28 silly registry.get     via: '1.1 varnish',
28 silly registry.get     age: '0',
28 silly registry.get     connection: 'keep-alive',
28 silly registry.get     'x-served-by': 'cache-ord1726-ORD',
28 silly registry.get     'x-cache': 'MISS',
28 silly registry.get     'x-cache-hits': '0',
28 silly registry.get     'x-timer': 'S1448425514.407479,VS0,VE43' } ]
29 silly lockFile 8f27af1f-ocLazyLoad ocLazyLoad@
30 silly lockFile 8f27af1f-ocLazyLoad ocLazyLoad@
31 error 404 Not Found
31 error 404
31 error 404 'ocLazyLoad' is not in the npm registry.
31 error 404 You should bug the author to publish it
31 error 404 It was specified as a dependency of 'angular-es6-sample'
31 error 404
31 error 404 Note that you can also install from a
31 error 404 tarball, folder, or http url, or git url.
32 error System Darwin 15.0.0
33 error command "node" "/usr/local/bin/npm" "install" "ocLazyLoad"
34 error cwd /Volumes/HDD/davidgreiner/Documents/HiWi/Training
35 error node -v v0.10.33
36 error npm -v 1.4.28
37 error code E404
38 verbose exit [ 1, true ]
